2017-07-07 14:25:27,911 - sodabot - DEBUG - []
2017-07-07 14:25:28,913 - sodabot - DEBUG - [{u'type': u'hello'}]
2017-07-07 14:25:29,914 - sodabot - DEBUG - [{u'url': u'wss://mpmulti-6tfc.slack-msgs.com/websocket/l12yI8bSUchuFxoJLLimfuDHLqdV-bkX27fd6Z4y1OhvyfEMOswp8m9_GnrAord8-AlyJ1rgKGekWRQlMQgCpdjfSB9yUOa90OViz6SO0S2dSCkBotOCfp3u4V7C1qvt_xNfJHRv_qoDys9kpFw6k5AT-PiYODkbywgm6BKzqH0=', u'type': u'reconnect_url'}]
2017-07-07 14:25:30,915 - sodabot - DEBUG - [{u'type': u'presence_change', u'user': u'U64HFLPG9', u'presence': u'active'}]
2017-07-07 14:25:31,917 - sodabot - DEBUG - []
2017-07-07 14:25:32,918 - sodabot - DEBUG - []
2017-07-07 14:25:33,919 - sodabot - DEBUG - []
2017-07-07 14:25:34,921 - sodabot - DEBUG - []
2017-07-07 14:25:35,922 - sodabot - DEBUG - []
2017-07-07 14:25:36,923 - sodabot - DEBUG - []
2017-07-07 14:25:37,924 - sodabot - DEBUG - []
2017-07-07 14:25:38,926 - sodabot - DEBUG - [{u'type': u'user_typing', u'user': u'U2TM44RN0', u'channel': u'D661AFUDC'}]
2017-07-07 14:25:39,927 - sodabot - DEBUG - []
2017-07-07 14:25:40,928 - sodabot - DEBUG - []
2017-07-07 14:25:41,930 - sodabot - DEBUG - []
2017-07-07 14:25:42,931 - sodabot - DEBUG - []
2017-07-07 14:25:43,932 - sodabot - DEBUG - [{u'source_team': u'T03DRH8QZ', u'text': u'30 cans of pepsi for $20', u'ts': u'1499408743.195135', u'user': u'U2TM44RN0', u'team': u'T03DRH8QZ', u'type': u'message', u'channel': u'D661AFUDC'}]
2017-07-07 14:25:44,935 - sodabot - DEBUG - [{u'launchUri': u'slack://channel?id=D661AFUDC&message=1499408743195135&team=T03DRH8QZ', u'subtitle': u'ryanc', u'is_shared': False, u'title': u'SignIQ', u'ssbFilename': u'knock_brush.mp3', u'avatarImage': u'https://avatars.slack-edge.com/2017-03-14/154610689702_e3b404bea86b501cefae_192.jpg', u'imageUri': None, u'content': u'30 cans of pepsi for $20', u'event_ts': u'1499408743.609233', u'msg': u'1499408743.195135', u'type': u'desktop_notification', u'channel': u'D661AFUDC'}]
2017-07-07 14:25:45,936 - sodabot - DEBUG - []
2017-07-07 14:25:46,938 - sodabot - DEBUG - []
2017-07-07 14:25:47,939 - sodabot - DEBUG - []
2017-07-07 14:25:48,941 - sodabot - DEBUG - []
2017-07-07 14:25:49,942 - sodabot - DEBUG - []
2017-07-07 14:25:50,944 - sodabot - DEBUG - [{u'type': u'user_typing', u'user': u'U2TM44RN0', u'channel': u'D661AFUDC'}]
2017-07-07 14:25:51,945 - sodabot - DEBUG - []
2017-07-07 14:25:52,946 - sodabot - DEBUG - []
2017-07-07 14:25:53,947 - sodabot - DEBUG - [{u'url': u'wss://mpmulti-y2xe.slack-msgs.com/websocket/2SA-WQRiHL661afcdo-BRDcUtFFX1qiwjHcQ22WmE5geEeUmfUTFWkb5-eV34vcc7x5LyiHcHitx5j7pyCTk62X7CLLjkfuiKGIpAInYWtgGCBKFOFZuxp0qmbCBos3X3SHK6L0xt7aRW-4gIIXUT6QUXDqpKA0CxuHQISJoJow=', u'type': u'reconnect_url'}]
2017-07-07 14:25:54,949 - sodabot - DEBUG - []
2017-07-07 14:25:55,949 - sodabot - DEBUG - [{u'type': u'user_typing', u'user': u'U2TM44RN0', u'channel': u'D661AFUDC'}]
2017-07-07 14:25:56,951 - sodabot - DEBUG - [{u'source_team': u'T03DRH8QZ', u'text': u'30 cans of Pepsi Max for $20', u'ts': u'1499408755.197735', u'user': u'U2TM44RN0', u'team': u'T03DRH8QZ', u'type': u'message', u'channel': u'D661AFUDC'}]
2017-07-07 14:25:57,951 - sodabot - DEBUG - [{u'launchUri': u'slack://channel?id=D661AFUDC&message=1499408755197735&team=T03DRH8QZ', u'subtitle': u'ryanc', u'is_shared': False, u'title': u'SignIQ', u'ssbFilename': u'knock_brush.mp3', u'avatarImage': u'https://avatars.slack-edge.com/2017-03-14/154610689702_e3b404bea86b501cefae_192.jpg', u'imageUri': None, u'content': u'30 cans of Pepsi Max for $20', u'event_ts': u'1499408755.611612', u'msg': u'1499408755.197735', u'type': u'desktop_notification', u'channel': u'D661AFUDC'}]
2017-07-07 14:25:58,952 - sodabot - DEBUG - []
2017-07-07 14:25:59,954 - sodabot - DEBUG - []
2017-07-07 14:26:00,955 - sodabot - DEBUG - []
2017-07-07 15:13:50,886 - sodabot - DEBUG - []
2017-07-07 15:13:51,888 - sodabot - DEBUG - [{u'type': u'hello'}]
2017-07-07 15:13:52,890 - sodabot - DEBUG - [{u'url': u'wss://mpmulti-lkas.slack-msgs.com/websocket/sR9SSK8O1lcuf0orVlPM8p_pUvdIXDfm_fWWHwWOZFZCOZt-CZKXwNd-QzJCL_nDj6RaBMplmD_brFN0bCB23Ru4DPTzL-FLZXlI_Imv2D3PsbPscRVJYuAemo0zz7pGnieRa65Ydg42Gas9lMrnar6H_lByM0uUeuHOQIbl1PA=', u'type': u'reconnect_url'}]
2017-07-07 15:13:53,891 - sodabot - DEBUG - [{u'type': u'presence_change', u'user': u'U64HFLPG9', u'presence': u'active'}]
2017-07-07 15:13:54,893 - sodabot - DEBUG - [{u'url': u'wss://mpmulti-v881.slack-msgs.com/websocket/_e6i1B0s4Jnajx8Qgv74qQGDAYH38DNJVFr8OF7S5m4NaqPASeDyLdrNfvepUdkGuAzRg76xjlRKunAygftLQPvc5S27wWO6h6lfX1gtL7ZcOd07P-7ZV_hK9EUSpM8HQhgBrHZUwM1DzIYVQ-X4LUz4noGfd1ymoTJfsRMvZZA=', u'type': u'reconnect_url'}]
2017-07-07 15:13:55,894 - sodabot - DEBUG - []
2017-07-07 15:13:56,896 - sodabot - DEBUG - []
2017-07-07 15:13:57,897 - sodabot - DEBUG - []
2017-07-07 15:13:58,899 - sodabot - DEBUG - []
2017-07-07 15:13:59,900 - sodabot - DEBUG - []
2017-07-07 15:14:00,901 - sodabot - DEBUG - []
2017-07-07 15:14:01,902 - sodabot - DEBUG - []
2017-07-07 15:14:02,903 - sodabot - DEBUG - []
2017-07-07 15:14:03,905 - sodabot - DEBUG - []
2017-07-07 15:14:04,906 - sodabot - DEBUG - []
2017-07-07 15:14:05,907 - sodabot - DEBUG - []
2017-07-07 15:14:06,909 - sodabot - DEBUG - []
2017-07-07 15:14:07,910 - sodabot - DEBUG - []
2017-07-07 15:14:08,912 - sodabot - DEBUG - []
2017-07-07 15:14:09,913 - sodabot - DEBUG - []
2017-07-07 15:14:10,914 - sodabot - DEBUG - []
2017-07-07 15:14:11,916 - sodabot - DEBUG - []
2017-07-07 15:14:12,917 - sodabot - DEBUG - []
2017-07-07 15:14:13,918 - sodabot - DEBUG - []
2017-07-07 15:14:14,919 - sodabot - DEBUG - []
2017-07-07 15:14:15,921 - sodabot - DEBUG - []
2017-07-07 15:14:16,922 - sodabot - DEBUG - []
2017-07-07 15:14:17,923 - sodabot - DEBUG - []
2017-07-07 15:14:18,925 - sodabot - DEBUG - []
2017-07-07 15:14:19,926 - sodabot - DEBUG - []
2017-07-07 15:14:20,927 - sodabot - DEBUG - []
2017-07-07 15:14:21,928 - sodabot - DEBUG - []
2017-07-07 15:14:22,930 - sodabot - DEBUG - []
2017-07-07 15:14:23,931 - sodabot - DEBUG - []
2017-07-07 15:14:24,932 - sodabot - DEBUG - []
2017-07-07 15:14:25,933 - sodabot - DEBUG - []
2017-07-07 15:14:26,934 - sodabot - DEBUG - []
2017-07-07 15:14:27,935 - sodabot - DEBUG - []
2017-07-07 15:14:28,937 - sodabot - DEBUG - []
2017-07-07 15:14:29,938 - sodabot - DEBUG - []
2017-07-07 15:14:30,939 - sodabot - DEBUG - []
2017-07-07 15:14:31,941 - sodabot - DEBUG - []
2017-07-07 15:14:32,942 - sodabot - DEBUG - []
2017-07-07 15:14:33,943 - sodabot - DEBUG - []
2017-07-07 15:14:34,945 - sodabot - DEBUG - []
2017-07-07 15:14:35,946 - sodabot - DEBUG - []
2017-07-07 15:14:36,948 - sodabot - DEBUG - []
2017-07-07 15:14:37,949 - sodabot - DEBUG - []
2017-07-07 15:14:38,950 - sodabot - DEBUG - []
2017-07-07 15:14:39,952 - sodabot - DEBUG - []
2017-07-07 15:14:40,953 - sodabot - DEBUG - []
2017-07-07 15:14:41,954 - sodabot - DEBUG - []
2017-07-07 15:14:42,954 - sodabot - DEBUG - []
2017-07-07 15:14:43,956 - sodabot - DEBUG - []
2017-07-07 15:14:44,957 - sodabot - DEBUG - []
2017-07-07 15:14:45,958 - sodabot - DEBUG - []
2017-07-07 15:14:46,959 - sodabot - DEBUG - []
2017-07-07 15:14:47,961 - sodabot - DEBUG - []
2017-07-07 15:14:48,962 - sodabot - DEBUG - []
2017-07-07 15:14:49,963 - sodabot - DEBUG - []
2017-07-07 15:14:50,964 - sodabot - DEBUG - []
2017-07-07 15:14:51,965 - sodabot - DEBUG - []
2017-07-07 15:14:52,966 - sodabot - DEBUG - []
2017-07-07 15:14:53,968 - sodabot - DEBUG - []
2017-07-07 15:14:54,970 - sodabot - DEBUG - [{u'type': u'channel_joined', u'channel': {u'topic': {u'last_set': 0, u'value': u'', u'creator': u''}, u'is_general': False, u'name_normalized': u'sodasquad', u'name': u'sodasquad', u'is_channel': True, u'created': 1498627699, u'is_member': True, u'is_archived': False, u'creator': u'U2TNDJ79N', u'is_org_shared': False, u'unread_count': 0, u'previous_names': [], u'purpose': {u'last_set': 1498628295, u'value': u'Pepsi Max Appreciation Club :soda:', u'creator': u'U1X8MBANA'}, u'unread_count_display': 0, u'last_read': u'1499318531.159176', u'latest': {u'text': u'Call this requirements gathering', u'type': u'message', u'user': u'U2TM44RN0', u'ts': u'1499318531.159176'}, u'members': [u'U0D7ZKMFA', u'U1X8MBANA', u'U2L1EUMB2', u'U2TM44RN0', u'U2TNDJ79N', u'U64HFLPG9'], u'id': u'C6006KFQQ', u'is_shared': False}}]
2017-07-07 15:14:55,971 - sodabot - DEBUG - [{u'event_ts': u'1499411694.212173', u'type': u'member_joined_channel', u'ts': u'1499411694.212173', u'channel_type': u'C', u'user': u'U64HFLPG9', u'inviter': u'U2TM44RN0', u'channel': u'C6006KFQQ'}]
2017-07-07 15:14:56,974 - sodabot - DEBUG - [{u'user_profile': {u'first_name': None, u'name': u'sodabot', u'current_status': None, u'real_name': u'', u'image_72': u'https://avatars.slack-edge.com/2017-07-07/209075289363_23bdb151a0c67be5f2cb_72.png', u'avatar_hash': u'23bdb151a0c6'}, u'event_ts': u'1499411694.212181', u'inviter': u'U2TM44RN0', u'ts': u'1499411694.212181', u'subtype': u'channel_join', u'text': u'<@U64HFLPG9|sodabot> has joined the channel', u'user': u'U64HFLPG9', u'team': u'T03DRH8QZ', u'type': u'message', u'channel': u'C6006KFQQ'}]
2017-07-07 15:14:57,975 - sodabot - DEBUG - []
2017-07-07 15:14:58,976 - sodabot - DEBUG - []
2017-07-07 15:14:59,978 - sodabot - DEBUG - [{u'type': u'presence_change', u'user': u'U2L1EUMB2', u'presence': u'away'}]
2017-07-07 15:15:00,979 - sodabot - DEBUG - []
2017-07-07 15:15:01,980 - sodabot - DEBUG - []
2017-07-07 15:15:02,980 - sodabot - DEBUG - []
2017-07-07 15:15:03,982 - sodabot - DEBUG - []
2017-07-07 15:15:04,983 - sodabot - DEBUG - []
2017-07-07 15:15:05,985 - sodabot - DEBUG - []
2017-07-07 15:15:06,986 - sodabot - DEBUG - []
2017-07-07 15:15:07,988 - sodabot - DEBUG - []
2017-07-07 15:15:08,989 - sodabot - DEBUG - []
2017-07-07 15:15:09,991 - sodabot - DEBUG - []
2017-07-07 15:15:10,992 - sodabot - DEBUG - []
2017-07-07 15:15:11,994 - sodabot - DEBUG - []
2017-07-07 15:15:12,995 - sodabot - DEBUG - []
2017-07-07 15:15:13,996 - sodabot - DEBUG - []
2017-07-07 15:15:14,997 - sodabot - DEBUG - []
2017-07-07 15:15:15,999 - sodabot - DEBUG - []
2017-07-07 15:15:17,000 - sodabot - DEBUG - []
2017-07-07 15:15:18,001 - sodabot - DEBUG - []
2017-07-07 15:15:19,003 - sodabot - DEBUG - []
2017-07-07 15:15:20,004 - sodabot - DEBUG - []
2017-07-07 15:15:21,005 - sodabot - DEBUG - []
2017-07-07 15:15:22,007 - sodabot - DEBUG - []
2017-07-07 15:15:23,008 - sodabot - DEBUG - []
2017-07-07 15:15:24,009 - sodabot - DEBUG - []
2017-07-07 15:15:25,011 - sodabot - DEBUG - []
2017-07-07 15:15:26,012 - sodabot - DEBUG - []
2017-07-07 15:15:27,014 - sodabot - DEBUG - []
2017-07-07 15:15:28,015 - sodabot - DEBUG - []
2017-07-07 15:15:29,016 - sodabot - DEBUG - []
2017-07-07 15:15:38,220 - sodabot - DEBUG - [{u'type': u'hello'}]
2017-07-07 15:15:39,222 - sodabot - DEBUG - [{u'url': u'wss://mpmulti-ea1p.slack-msgs.com/websocket/Ejaozd4MLvphTavgVUDYgpxMVe2IHtCKuSZWyItVcul8lHY-hZyek_gJdMtJeFwQ_wejzedfuDXxLAyAOGa2-E7hf--jtJo78-4GyGpC-pHKhZ4Tzqc-CbCTZlk47smE7bZrWa2El_xdUiLfUXqSp3j0Y-2jb58cXApsuEkv8tQ=', u'type': u'reconnect_url'}]
2017-07-07 15:15:40,223 - sodabot - DEBUG - [{u'type': u'presence_change', u'user': u'U64HFLPG9', u'presence': u'active'}]
2017-07-07 15:15:54,238 - sodabot - DEBUG - [{u'url': u'wss://mpmulti-qk51.slack-msgs.com/websocket/ZCyGCsi-9ufdKUCky-Kdm2WwNuFeg_aN60rtFdrkBTKJLhWnyL-rdtOqccitOFqPl8EPjXNnjaUFloJCShv2k2Cg0UFehGAhGcV_i29Hx0xQkwck3jmB0wp0bPrNfxxQpn5ER_N38Y_wkxJZgtxWcJmK2uSJnfjwNTHfwi7SRU8=', u'type': u'reconnect_url'}]
2017-07-07 15:17:54,360 - sodabot - DEBUG - [{u'url': u'wss://mpmulti-mt8h.slack-msgs.com/websocket/4PfOfyrO7MJHraeCIzX4JdrjZ2Oob2PVIVZubD2elMT2zWpVF2SxYBxGDQfEa00wD_H_f2o8Gj1GUtunwk-IHsQ6bmIbjwOwDh9-9bdac9MMkl1tBxWVUybXNkN6VWHvAi_eYAV3hHWX9VxnVexYMVBm38rVRmuLCNIqCbBw_34=', u'type': u'reconnect_url'}]
2017-07-07 15:19:54,483 - sodabot - DEBUG - [{u'url': u'wss://mpmulti-79k4.slack-msgs.com/websocket/8NZLLnDSmd3BGQYgEKYJ2HGgneu-hUcePFsBwx4f-Ym_6gXVCQveSUJoCXsBgLkM666pmvh4ITqPm7nBL0LV8IZSsBaM3RazQDbfV1oCajfwG7P6V1SQvN5WqHzg94_jm3v6LSIrQoy1jWeOaBqLrCh11iADpuij5ia5MwZGZb8=', u'type': u'reconnect_url'}]
2017-07-07 15:22:54,673 - sodabot - DEBUG - [{u'url': u'wss://mpmulti-nsvm.slack-msgs.com/websocket/ukCOMsn17RMjCUc-fyaJ93ENKlHq0i5CNZZ3nm8_VJ3NRctogHPC79Jjpg1BFoBWljhrpSIyLST1XCGsCdB98T-hX81Blr3WFij49NulwsmWhnu7kHiVo_2kXz52-qR6-tD6kyxugDMKnpEyZIWNYb-f4E-B5J3xJXEPFqI2EJg=', u'type': u'reconnect_url'}]
2017-07-07 15:23:43,723 - sodabot - DEBUG - [{u'type': u'user_typing', u'user': u'U2TM44RN0', u'channel': u'C6006KFQQ'}]
2017-07-07 15:23:49,730 - sodabot - DEBUG - [{u'type': u'user_typing', u'user': u'U2TM44RN0', u'channel': u'C6006KFQQ'}]
2017-07-07 15:23:50,732 - sodabot - DEBUG - [{u'source_team': u'T03DRH8QZ', u'text': u'<@U64HFLPG9> Check it', u'ts': u'1499412230.351050', u'user': u'U2TM44RN0', u'team': u'T03DRH8QZ', u'type': u'message', u'channel': u'C6006KFQQ'}]
2017-07-07 15:23:51,733 - sodabot - DEBUG - [{u'launchUri': u'slack://channel?id=C6006KFQQ&message=1499412230351050&team=T03DRH8QZ', u'subtitle': u'#sodasquad', u'is_shared': False, u'title': u'SignIQ', u'ssbFilename': u'knock_brush.mp3', u'avatarImage': u'https://avatars.slack-edge.com/2017-03-14/154610689702_e3b404bea86b501cefae_192.jpg', u'imageUri': None, u'content': u'ryanc: @sodabot Check it', u'event_ts': u'1499412230.405339', u'msg': u'1499412230.351050', u'type': u'desktop_notification', u'channel': u'C6006KFQQ'}]
2017-07-07 15:24:54,801 - sodabot - DEBUG - [{u'url': u'wss://mpmulti-2alc.slack-msgs.com/websocket/k7hsoj5RymyIfU1E0zzWynAhWIHgSTZDDtfwBUZA2mo6-j_DGlIRjJJUv-yfPHpu0gTeuCBeM3MPbvPJxvleQu9XW_hlIN4CB6Izp6Gl-OQ3gSRcE717oZHv6e89JqDJnKbbe_M1YyOA8sNgpPffikNxCxCfLwhNKnlPJo7OyUg=', u'type': u'reconnect_url'}]
2017-07-07 16:27:45,457 - sodabot - DEBUG - %s has called for the %s command
2017-07-07 16:28:41,315 - sodabot - DEBUG - ryanc has called for the Do something better command
2017-07-07 16:38:21,514 - sodabot - DEBUG - ryanc has called for the 20 cans of Pepsi Max. command
2017-07-07 16:38:55,864 - sodabot - DEBUG - ryanc has called for the 20 cans of Pepsi Max. fridge restocked at 11:20pm command
2017-07-07 16:40:22,199 - sodabot - DEBUG - ryanc has called for the 20 cans of Pepsi Max. fridge restocked at 11:20pm command
2017-07-07 16:40:28,747 - sodabot - DEBUG - ryanc has called for the 20 cans of Pepsi Max. fridge restocked command
2017-07-07 17:22:48,199 - sodabot - DEBUG - ryanc has called for the 24 cans of Pepsi Max. Fridge Restocked 22:44PM command
2017-07-10 14:45:59,992 - sodabot - DEBUG - ryanc has called for the 20 cans of Pepsi Max. fridge restocked at 11:20pm command
2017-07-10 14:46:32,087 - sodabot - DEBUG - ryanc has called for the 20 cans of Pepsi Max. fridge restocked at 11:20pm command
2017-07-10 14:49:09,533 - sodabot - DEBUG - ryanc has called for the 20 cans of Pepsi Max. fridge restocked at 11:20pm command
2017-07-10 14:49:42,330 - sodabot - DEBUG - ryanc has called for the 20 cans of Pepsi Max. fridge restocked at 11:20pm command
2017-07-10 14:54:17,555 - sodabot - DEBUG - ryanc has called for the 20 cans of Pepsi Max command
2017-07-10 14:54:55,537 - sodabot - DEBUG - ryanc has called for the 20 cans of Pepsi Max command
2017-07-10 14:55:06,004 - sodabot - DEBUG - ryanc has called for the 20 cans of Pepsi Max command
2017-07-10 14:56:13,012 - sodabot - DEBUG - ryanc has called for the 20 cans of Pepsi Max command
2017-07-10 14:58:30,598 - sodabot - DEBUG - ryanc has called for the 20 cans of Pepsi Max command
2017-07-10 15:01:04,430 - sodabot - DEBUG - ryanc has called for the 20 cans of Pepsi Max command
2017-07-10 15:02:42,244 - sodabot - DEBUG - ryanc has called for the 20 cans of Pepsi Max command
2017-07-10 15:05:17,716 - sodabot - DEBUG - ryanc has called for the 20 cans of Pepsi Max command
2017-07-10 15:05:59,750 - sodabot - DEBUG - ryanc has called for the 20 cans of Pepsi Max command
2017-07-10 15:06:15,355 - sodabot - DEBUG - ryanc has called for the 20 cans of Pepsi Max command
2017-07-10 15:06:33,320 - sodabot - DEBUG - ryanc has called for the 20 cans of Pepsi Max command
2017-07-10 15:07:29,012 - sodabot - DEBUG - ryanc has called for the 20 cans of Pepsi Max command
2017-07-10 16:18:57,655 - sodabot - DEBUG - ryanc has called for the sean! 20 cans of Pepsi Max command
2017-07-10 16:21:46,362 - sodabot - DEBUG - ryanc has called for the sean! 24 cans of Pepsi Max command
2017-07-12 12:19:46,817 - sodabot - DEBUG - [u'ryanc', u'sodabot', u'sean', u'20', u'cans', u'of', u'Pepsi', u'Max']
2017-07-12 12:20:54,833 - sodabot - DEBUG - [u'ryanc', u'sodabot', u'sean', u'20', u'cans', u'of', u'Pepsi', u'Max']
2017-07-14 02:24:00,304 - sodabot - DEBUG - Unknown command with command pepsi and args (deque(['20', 'cans', 'of', 'Pepsi', 'Max']),): 'PepsiCommand' object has no attribute 'registry'
2017-07-14 02:32:37,892 - sodabot - DEBUG - Unknown command with command pepsi and args (deque(['20', 'cans', 'of', 'Pepsi', 'Max']),): 'PepsiCommand' object has no attribute 'registry'
2017-07-14 03:03:16,174 - sodabot - DEBUG - Syntax Error in <class 'sodaslackbot.commands.pattern_must_match'> in purchase: pattern_must_match error: 
2017-07-14 03:03:37,827 - sodabot - DEBUG - Syntax Error in <class 'sodaslackbot.commands.pattern_must_match'> in purchase: pattern_must_match error: 
2017-07-14 03:04:35,947 - sodabot - DEBUG - Syntax Error: pattern_must_match error:  : <class 'sodaslackbot.commands.pattern_must_match'> in purchase: pattern_must_match error: 
2017-07-19 09:33:36,961 - sodabot - ERROR - No commands available
2017-07-19 09:34:01,320 - sodabot - ERROR - No commands available
2017-07-19 09:34:27,315 - sodabot - ERROR - No commands available
2017-07-19 09:36:23,774 - sodabot - WARNING - ./cmd.soda
2017-07-19 09:36:23,774 - sodabot - ERROR - No commands available
2017-07-19 09:36:54,662 - sodabot - WARNING - ./cmd.soda
2017-07-19 09:36:54,663 - sodabot - ERROR - No commands available
2017-07-19 09:37:29,253 - sodabot - WARNING - ./cmd.soda
2017-07-19 09:37:29,254 - sodabot - ERROR - No commands available
2017-07-19 09:38:03,683 - sodabot - WARNING - ./cmd.soda
2017-07-19 09:38:03,684 - sodabot - ERROR - No JSON object could be decoded
2017-07-19 09:38:03,684 - sodabot - ERROR - No commands available
2017-07-19 09:39:17,437 - sodabot - WARNING - ./cmd.soda
2017-07-19 09:39:27,645 - sodabot - WARNING - ./cmd.soda
2017-07-19 09:39:37,144 - sodabot - WARNING - ./cmd.soda
2017-07-19 09:39:38,821 - sodabot - WARNING - ./cmd.soda
2017-07-19 09:47:08,710 - sodabot - DEBUG - ryanc has called for the deque([u'pepsi', u'20', u'cans', u'Pepsi', u'Max']) command
2017-07-19 09:48:06,054 - sodabot - DEBUG - ryanc has called for the deque([u'pepsi', u'20', u'cans', u'Pepsi', u'Max']) command
2017-07-19 09:48:34,564 - sodabot - DEBUG - ryanc has called for the deque([u'pepsi', u'20', u'cans', u'Pepsi', u'Max']) command
2017-07-19 09:48:34,565 - sodabot - DEBUG - Unknown command with command 20 and args (deque([u'cans', u'Pepsi', u'Max']),): 20
2017-07-19 09:49:34,626 - sodabot - DEBUG - ryanc has called for the deque([u'pepsi', u'purchase', u'20', u'cans', u'Pepsi', u'Max']) command
2017-07-19 09:49:34,627 - sodabot - DEBUG - Unknown command with command purchase and args (deque([u'20', u'cans', u'Pepsi', u'Max']),): purchase
2017-07-19 09:50:32,638 - sodabot - DEBUG - ryanc has called for the deque([u'pepsi', u'20', u'cans', u'Pepsi', u'Max']) command
2017-07-19 09:50:32,638 - sodabot - DEBUG - Unknown command with command 20 and args (deque([u'cans', u'Pepsi', u'Max']),): 20
2017-07-19 09:56:11,273 - sodabot - DEBUG - ryanc has called for the deque([u'pepsi', u'20', u'cans', u'Pepsi', u'Max']) command
2017-07-19 09:56:11,274 - sodabot - DEBUG - Unknown command with command 20 and args (deque([u'cans', u'Pepsi', u'Max']),): 20
2017-07-19 09:57:46,602 - sodabot - DEBUG - ryanc has called for the deque([u'pepsi', u'20', u'cans', u'Pepsi', u'Max']) command
2017-07-19 09:57:46,602 - sodabot - DEBUG - Unknown command with command 20 and args (deque([u'cans', u'Pepsi', u'Max']),): 20
2017-07-19 09:58:22,182 - sodabot - DEBUG - ryanc has called for the deque([u'pepsi', u'20', u'cans', u'Pepsi', u'Max']) command
2017-07-19 09:58:22,182 - sodabot - ERROR - default
2017-07-19 09:58:22,182 - sodabot - DEBUG - Unknown command with command 20 and args (deque([u'cans', u'Pepsi', u'Max']),): 20
2017-07-19 09:59:54,899 - sodabot - DEBUG - ryanc has called for the deque([u'pepsi', u'20', u'cans', u'Pepsi', u'Max']) command
2017-07-19 09:59:54,900 - sodabot - ERROR - default
2017-07-19 09:59:54,900 - sodabot - DEBUG - Unknown command with command 20 and args (deque([u'cans', u'Pepsi', u'Max']),): 20
2017-07-19 10:00:14,447 - sodabot - DEBUG - ryanc has called for the deque([u'pepsi', u'20', u'cans', u'Pepsi', u'Max']) command
2017-07-19 10:02:17,768 - sodabot - DEBUG - ryanc has called for the deque([u'pepsi', u'20', u'cans', u'Pepsi', u'Max']) command
2017-07-19 10:03:12,455 - sodabot - DEBUG - ryanc has called for the deque([u'pepsi', u'20', u'cans', u'Pepsi', u'Max']) command
2017-07-19 10:04:01,469 - sodabot - DEBUG - ryanc has called for the deque([u'pepsi', u'20', u'cans', u'Pepsi', u'Max']) command
2017-07-19 10:05:29,485 - sodabot - DEBUG - ryanc has called for the deque([u'pepsi', u'20', u'cans', u'Pepsi', u'Max']) command
2017-07-19 10:13:46,419 - sodabot - DEBUG - ryanc has called for the deque([u'pepsi', u'20', u'cans', u'Pepsi', u'Max']) command
2017-07-19 11:40:29,833 - sodabot - DEBUG - ryanc has called for the deque([u'pepsi', u'20', u'cans', u'Pepsi', u'Max']) command
2017-07-19 11:41:54,661 - sodabot - DEBUG - ryanc has called for the deque([u'pepsi', u'20', u'cans', u'Pepsi', u'Max']) command
2017-07-19 11:41:54,662 - sodabot - ERROR - default
2017-07-19 11:41:54,662 - sodabot - DEBUG - Unknown command with command 20 and args (deque([u'cans', u'Pepsi', u'Max']),): 20
2017-07-19 11:43:07,717 - sodabot - DEBUG - ryanc has called for the deque([u'pepsi', u'20', u'cans', u'Pepsi', u'Max']) command
2017-07-19 11:43:07,718 - sodabot - ERROR - default
2017-07-19 11:43:07,718 - sodabot - DEBUG - Unknown command with command 20 and args (deque([u'cans', u'Pepsi', u'Max']),): 20
2017-07-19 11:44:30,734 - sodabot - DEBUG - ryanc has called for the deque([u'pepsi', u'20', u'cans', u'Pepsi', u'Max']) command
2017-07-19 11:46:13,226 - sodabot - DEBUG - ryanc has called for the deque([u'pepsi', u'20', u'cans', u'Pepsi', u'Max']) command
2017-07-19 11:46:27,946 - sodabot - DEBUG - ryanc has called for the deque([u'pepsi', u'20', u'cans', u'Pepsi', u'Max']) command
2017-07-19 11:47:16,784 - sodabot - DEBUG - ryanc has called for the deque([u'pepsi', u'20', u'cans', u'Pepsi', u'Max']) command
2017-07-19 11:48:15,638 - sodabot - DEBUG - ryanc has called for the deque([u'pepsi', u'20', u'cans', u'Pepsi', u'Max']) command
2017-07-19 11:52:34,490 - sodabot - DEBUG - ryanc has called for the deque([u'pepsi', u'20', u'cans', u'Pepsi', u'Max']) command
2017-07-19 11:54:16,766 - sodabot - DEBUG - ryanc has called for the deque([u'pepsi', u'20', u'cans', u'Pepsi', u'Max']) command
2017-07-19 11:58:19,643 - sodabot - ERROR - 
2017-07-19 11:58:19,643 - sodabot - ERROR - ()
2017-07-19 11:58:19,643 - sodabot - ERROR - <class 'bdb.BdbQuit'>
2017-07-19 11:58:19,643 - sodabot - DEBUG - Unknown command with command 20 and args (deque([u'cans', u'Pepsi', u'Max']),): 20
2017-07-19 11:58:34,076 - sodabot - DEBUG - ryanc has called for the deque([u'pepsi', u'20', u'cans', u'Pepsi', u'Max']) command
2017-07-19 11:58:34,077 - sodabot - DEBUG - Unknown command with command 20 and args (deque([u'cans', u'Pepsi', u'Max']),): 20
2017-07-19 11:58:42,191 - sodabot - DEBUG - ryanc has called for the deque([u'pepsi', u'20', u'cans', u'Pepsi', u'Max']) command
2017-07-19 11:58:42,191 - sodabot - DEBUG - Unknown command with command 20 and args (deque([u'cans', u'Pepsi', u'Max']),): 20
2017-07-19 11:59:48,691 - sodabot - DEBUG - ryanc has called for the deque([u'pepsi', u'20', u'cans', u'Pepsi', u'Max']) command
2017-07-19 11:59:48,691 - sodabot - DEBUG - Unknown command with command 20 and args (deque([u'cans', u'Pepsi', u'Max']),): 20
2017-07-19 12:05:49,264 - sodabot - DEBUG - Syntax Error: pattern_must_match error:  : <class 'commands.PatternMustMatch'> in Default Command: pattern_must_match error: 
2017-07-19 12:06:37,745 - sodabot - DEBUG - Syntax Error: pattern_must_match error:  : <class 'commands.PatternMustMatch'> in Default Command: pattern_must_match error: 
2017-07-19 12:17:37,988 - sodabot - DEBUG - Syntax Error: pattern_must_match error:  : <class 'commands.PatternMustMatch'> in Default Command: pattern_must_match error: 
2017-07-19 13:08:20,090 - sodabot - DEBUG - ryanc has called for the deque([u'pepsi', u'20', u'cans', u'Pepsi', u'Max']) command
2017-07-19 13:11:30,153 - sodabot - DEBUG - ryanc has called for the deque([u'pepsi', u'20', u'cans', u'Pepsi', u'Max']) command
2017-07-19 13:12:24,259 - sodabot - DEBUG - ryanc has called for the deque([u'pepsi', u'20', u'cans', u'Pepsi', u'Max']) command
2017-07-19 13:12:47,268 - sodabot - DEBUG - ryanc has called for the deque([u'pepsi', u'20', u'cans', u'Pepsi', u'Max']) command
2017-07-19 13:12:57,752 - sodabot - DEBUG - ryanc has called for the deque([u'pepsi', u'20', u'cans', u'Pepsi', u'Max']) command
2017-07-19 13:13:21,704 - sodabot - DEBUG - ryanc has called for the deque([u'pepsi', u'20', u'cans', u'Pepsi', u'Max']) command
2017-07-19 13:14:31,566 - sodabot - DEBUG - ryanc has called for the deque([u'pepsi', u'20', u'cans', u'Pepsi', u'Max']) command
2017-07-19 13:16:16,990 - sodabot - DEBUG - ryanc has called for the deque([u'pepsi', u'20', u'cans', u'Pepsi', u'Max']) command
2017-07-19 13:17:11,462 - sodabot - DEBUG - ryanc has called for the deque([u'pepsi', u'20', u'cans', u'Pepsi', u'Max']) command
2017-07-19 13:37:32,649 - sodabot - DEBUG - Unknown command with command pepsi and args (deque(['pepsi', '20', 'cans', 'of', 'Pepsi', 'Max']),): pepsi
2017-07-19 13:37:57,789 - sodabot - DEBUG - Unknown command with command 20 and args (deque(['20', 'cans', 'of', 'Pepsi', 'Max']),): 20
2017-07-19 13:38:15,061 - sodabot - DEBUG - Unknown command with command 20 and args (deque(['20', 'cans', 'of', 'Pepsi', 'Max']),): 20
2017-07-19 13:40:00,060 - sodabot - DEBUG - PatternMatch args: ()
2017-07-19 13:40:00,060 - sodabot - DEBUG - DefaultCommand args: ((), {})
2017-07-19 13:40:00,060 - sodabot - DEBUG - RegisterCommand args: (((), {}), {})
2017-07-19 13:40:00,062 - sodabot - DEBUG - Unknown command with command 20 and args (deque(['20', 'cans', 'of', 'Pepsi', 'Max']),): 20
2017-07-19 13:41:02,917 - sodabot - DEBUG - PatternMatch args: ()
2017-07-19 13:41:02,917 - sodabot - DEBUG - DefaultCommand args: ((), {})
2017-07-19 13:41:02,917 - sodabot - DEBUG - RegisterCommand args: (((), {}), {})
2017-07-19 13:41:02,918 - sodabot - DEBUG - <sodaslackbot.models.User object at 0x2ac7e2844c10> has called for the deque(['20', 'cans', 'of', 'Pepsi', 'Max']) command
2017-07-19 13:41:02,918 - sodabot - DEBUG - Unknown command with command 20 and args (deque(['20', 'cans', 'of', 'Pepsi', 'Max']),): 20
2017-07-19 13:41:44,447 - sodabot - DEBUG - PatternMatch args: ()
2017-07-19 13:41:44,447 - sodabot - DEBUG - DefaultCommand args: ((), {})
2017-07-19 13:41:44,447 - sodabot - DEBUG - RegisterCommand args: (((), {}), {})
2017-07-19 13:41:44,449 - sodabot - DEBUG - <sodaslackbot.models.User object at 0x2b4b015aec10> has called for the deque(['20', 'cans', 'of', 'Pepsi', 'Max']) command
2017-07-19 13:41:44,449 - sodabot - DEBUG - Registry: {'pepsi': {'me': <function me at 0x2b4b015a9d70>, 'list': <function list at 0x2b4b015a9de8>}}
2017-07-19 13:41:44,449 - sodabot - DEBUG - Unknown command with command 20 and args (deque(['20', 'cans', 'of', 'Pepsi', 'Max']),): 20
2017-07-19 13:42:58,280 - sodabot - DEBUG - PatternMatch args: ()
2017-07-19 13:42:58,280 - sodabot - DEBUG - DefaultCommand args: ((), {})
2017-07-19 13:42:58,280 - sodabot - DEBUG - RegisterCommand args: (((), {}), {})
2017-07-19 13:42:58,280 - sodabot - DEBUG - Key: me | dir Val: ['__call__', '__class__', '__delattr__', '__dict__', '__doc__', '__format__', '__getattribute__', '__hash__', '__init__', '__module__', '__name__', '__new__', '__reduce__', '__reduce_ex__', '__repr__', '__setattr__', '__sizeof__', '__str__', '__subclasshook__', '__weakref__', '_bc_registered_command'] | Type Val: <class 'sodaslackbot.commands.RegisterCommand'>
2017-07-19 13:42:58,280 - sodabot - DEBUG - Key: purchase | dir Val: ['__call__', '__class__', '__delattr__', '__dict__', '__doc__', '__format__', '__getattribute__', '__hash__', '__init__', '__module__', '__name__', '__new__', '__reduce__', '__reduce_ex__', '__repr__', '__setattr__', '__sizeof__', '__str__', '__subclasshook__', '__weakref__', '_bc_initial_validation', '_bc_pattern', '_bc_requires_validation', '_validate', 'syntax_error'] | Type Val: <class 'sodaslackbot.commands.PatternMustMatch'>
2017-07-19 13:42:58,280 - sodabot - DEBUG - Key: __module__ | dir Val: ['__add__', '__class__', '__contains__', '__delattr__', '__doc__', '__eq__', '__format__', '__ge__', '__getattribute__', '__getitem__', '__getnewargs__', '__getslice__', '__gt__', '__hash__', '__init__', '__le__', '__len__', '__lt__', '__mod__', '__mul__', '__ne__', '__new__', '__reduce__', '__reduce_ex__', '__repr__', '__rmod__', '__rmul__', '__setattr__', '__sizeof__', '__str__', '__subclasshook__', '_formatter_field_name_split', '_formatter_parser', 'capitalize', 'center', 'count', 'decode', 'encode', 'endswith', 'expandtabs', 'find', 'format', 'index', 'isalnum', 'isalpha', 'isdigit', 'islower', 'isspace', 'istitle', 'isupper', 'join', 'ljust', 'lower', 'lstrip', 'partition', 'replace', 'rfind', 'rindex', 'rjust', 'rpartition', 'rsplit', 'rstrip', 'split', 'splitlines', 'startswith', 'strip', 'swapcase', 'title', 'translate', 'upper', 'zfill'] | Type Val: <type 'str'>
2017-07-19 13:42:58,281 - sodabot - DEBUG - Key: _module_id | dir Val: ['__add__', '__class__', '__contains__', '__delattr__', '__doc__', '__eq__', '__format__', '__ge__', '__getattribute__', '__getitem__', '__getnewargs__', '__getslice__', '__gt__', '__hash__', '__init__', '__le__', '__len__', '__lt__', '__mod__', '__mul__', '__ne__', '__new__', '__reduce__', '__reduce_ex__', '__repr__', '__rmod__', '__rmul__', '__setattr__', '__sizeof__', '__str__', '__subclasshook__', '_formatter_field_name_split', '_formatter_parser', 'capitalize', 'center', 'count', 'decode', 'encode', 'endswith', 'expandtabs', 'find', 'format', 'index', 'isalnum', 'isalpha', 'isdigit', 'islower', 'isspace', 'istitle', 'isupper', 'join', 'ljust', 'lower', 'lstrip', 'partition', 'replace', 'rfind', 'rindex', 'rjust', 'rpartition', 'rsplit', 'rstrip', 'split', 'splitlines', 'startswith', 'strip', 'swapcase', 'title', 'translate', 'upper', 'zfill'] | Type Val: <type 'str'>
2017-07-19 13:42:58,281 - sodabot - DEBUG - Key: list | dir Val: ['__call__', '__class__', '__delattr__', '__dict__', '__doc__', '__format__', '__getattribute__', '__hash__', '__init__', '__module__', '__name__', '__new__', '__reduce__', '__reduce_ex__', '__repr__', '__setattr__', '__sizeof__', '__str__', '__subclasshook__', '__weakref__', '_bc_registered_command'] | Type Val: <class 'sodaslackbot.commands.RegisterCommand'>
2017-07-19 13:42:58,281 - sodabot - DEBUG - Key: add_purchase | dir Val: ['__call__', '__class__', '__closure__', '__code__', '__defaults__', '__delattr__', '__dict__', '__doc__', '__format__', '__get__', '__getattribute__', '__globals__', '__hash__', '__init__', '__module__', '__name__', '__new__', '__reduce__', '__reduce_ex__', '__repr__', '__setattr__', '__sizeof__', '__str__', '__subclasshook__', 'func_closure', 'func_code', 'func_defaults', 'func_dict', 'func_doc', 'func_globals', 'func_name'] | Type Val: <type 'function'>
2017-07-19 13:42:58,281 - sodabot - DEBUG - Key: get_user | dir Val: ['__call__', '__class__', '__closure__', '__code__', '__defaults__', '__delattr__', '__dict__', '__doc__', '__format__', '__get__', '__getattribute__', '__globals__', '__hash__', '__init__', '__module__', '__name__', '__new__', '__reduce__', '__reduce_ex__', '__repr__', '__setattr__', '__sizeof__', '__str__', '__subclasshook__', 'func_closure', 'func_code', 'func_defaults', 'func_dict', 'func_doc', 'func_globals', 'func_name'] | Type Val: <type 'function'>
2017-07-19 13:42:58,281 - sodabot - DEBUG - Key: get_drink_type | dir Val: ['__call__', '__class__', '__closure__', '__code__', '__defaults__', '__delattr__', '__dict__', '__doc__', '__format__', '__get__', '__getattribute__', '__globals__', '__hash__', '__init__', '__module__', '__name__', '__new__', '__reduce__', '__reduce_ex__', '__repr__', '__setattr__', '__sizeof__', '__str__', '__subclasshook__', 'func_closure', 'func_code', 'func_defaults', 'func_dict', 'func_doc', 'func_globals', 'func_name'] | Type Val: <type 'function'>
2017-07-19 13:42:58,281 - sodabot - DEBUG - Key: __init__ | dir Val: ['__call__', '__class__', '__closure__', '__code__', '__defaults__', '__delattr__', '__dict__', '__doc__', '__format__', '__get__', '__getattribute__', '__globals__', '__hash__', '__init__', '__module__', '__name__', '__new__', '__reduce__', '__reduce_ex__', '__repr__', '__setattr__', '__sizeof__', '__str__', '__subclasshook__', 'func_closure', 'func_code', 'func_defaults', 'func_dict', 'func_doc', 'func_globals', 'func_name'] | Type Val: <type 'function'>
2017-07-19 13:42:58,282 - sodabot - DEBUG - <sodaslackbot.models.User object at 0x2ae7a4e42c10> has called for the deque(['20', 'cans', 'of', 'Pepsi', 'Max']) command
2017-07-19 13:42:58,282 - sodabot - DEBUG - Registry: {'pepsi': {'me': <function me at 0x2ae7a4e3cd70>, 'list': <function list at 0x2ae7a4e3cde8>}}
2017-07-19 13:42:58,282 - sodabot - DEBUG - Unknown command with command 20 and args (deque(['20', 'cans', 'of', 'Pepsi', 'Max']),): 20
2017-07-19 13:44:07,290 - sodabot - DEBUG - PatternMatch args: ()
2017-07-19 13:44:07,291 - sodabot - DEBUG - DefaultCommand args: ((), {})
2017-07-19 13:44:07,291 - sodabot - DEBUG - RegisterCommand args: (((), {}), {})
2017-07-19 13:44:07,291 - sodabot - DEBUG - Key: me | dir Val: ['__call__', '__class__', '__delattr__', '__dict__', '__doc__', '__format__', '__getattribute__', '__hash__', '__init__', '__module__', '__name__', '__new__', '__reduce__', '__reduce_ex__', '__repr__', '__setattr__', '__sizeof__', '__str__', '__subclasshook__', '__weakref__', '_bc_registered_command'] | Type Val: <class 'sodaslackbot.commands.RegisterCommand'>
2017-07-19 13:44:07,291 - sodabot - DEBUG - Key: purchase | dir Val: ['__call__', '__class__', '__delattr__', '__dict__', '__doc__', '__format__', '__getattribute__', '__hash__', '__init__', '__module__', '__name__', '__new__', '__reduce__', '__reduce_ex__', '__repr__', '__setattr__', '__sizeof__', '__str__', '__subclasshook__', '__weakref__', '_bc_initial_validation', '_bc_pattern', '_bc_requires_validation', '_validate', 'syntax_error'] | Type Val: <class 'sodaslackbot.commands.PatternMustMatch'>
2017-07-19 13:44:07,291 - sodabot - DEBUG - Key: __module__ | dir Val: ['__add__', '__class__', '__contains__', '__delattr__', '__doc__', '__eq__', '__format__', '__ge__', '__getattribute__', '__getitem__', '__getnewargs__', '__getslice__', '__gt__', '__hash__', '__init__', '__le__', '__len__', '__lt__', '__mod__', '__mul__', '__ne__', '__new__', '__reduce__', '__reduce_ex__', '__repr__', '__rmod__', '__rmul__', '__setattr__', '__sizeof__', '__str__', '__subclasshook__', '_formatter_field_name_split', '_formatter_parser', 'capitalize', 'center', 'count', 'decode', 'encode', 'endswith', 'expandtabs', 'find', 'format', 'index', 'isalnum', 'isalpha', 'isdigit', 'islower', 'isspace', 'istitle', 'isupper', 'join', 'ljust', 'lower', 'lstrip', 'partition', 'replace', 'rfind', 'rindex', 'rjust', 'rpartition', 'rsplit', 'rstrip', 'split', 'splitlines', 'startswith', 'strip', 'swapcase', 'title', 'translate', 'upper', 'zfill'] | Type Val: <type 'str'>
2017-07-19 13:44:07,291 - sodabot - DEBUG - Key: _module_id | dir Val: ['__add__', '__class__', '__contains__', '__delattr__', '__doc__', '__eq__', '__format__', '__ge__', '__getattribute__', '__getitem__', '__getnewargs__', '__getslice__', '__gt__', '__hash__', '__init__', '__le__', '__len__', '__lt__', '__mod__', '__mul__', '__ne__', '__new__', '__reduce__', '__reduce_ex__', '__repr__', '__rmod__', '__rmul__', '__setattr__', '__sizeof__', '__str__', '__subclasshook__', '_formatter_field_name_split', '_formatter_parser', 'capitalize', 'center', 'count', 'decode', 'encode', 'endswith', 'expandtabs', 'find', 'format', 'index', 'isalnum', 'isalpha', 'isdigit', 'islower', 'isspace', 'istitle', 'isupper', 'join', 'ljust', 'lower', 'lstrip', 'partition', 'replace', 'rfind', 'rindex', 'rjust', 'rpartition', 'rsplit', 'rstrip', 'split', 'splitlines', 'startswith', 'strip', 'swapcase', 'title', 'translate', 'upper', 'zfill'] | Type Val: <type 'str'>
2017-07-19 13:44:07,291 - sodabot - DEBUG - Key: list | dir Val: ['__call__', '__class__', '__delattr__', '__dict__', '__doc__', '__format__', '__getattribute__', '__hash__', '__init__', '__module__', '__name__', '__new__', '__reduce__', '__reduce_ex__', '__repr__', '__setattr__', '__sizeof__', '__str__', '__subclasshook__', '__weakref__', '_bc_registered_command'] | Type Val: <class 'sodaslackbot.commands.RegisterCommand'>
2017-07-19 13:44:07,291 - sodabot - DEBUG - Key: add_purchase | dir Val: ['__call__', '__class__', '__closure__', '__code__', '__defaults__', '__delattr__', '__dict__', '__doc__', '__format__', '__get__', '__getattribute__', '__globals__', '__hash__', '__init__', '__module__', '__name__', '__new__', '__reduce__', '__reduce_ex__', '__repr__', '__setattr__', '__sizeof__', '__str__', '__subclasshook__', 'func_closure', 'func_code', 'func_defaults', 'func_dict', 'func_doc', 'func_globals', 'func_name'] | Type Val: <type 'function'>
2017-07-19 13:44:07,291 - sodabot - DEBUG - Key: get_user | dir Val: ['__call__', '__class__', '__closure__', '__code__', '__defaults__', '__delattr__', '__dict__', '__doc__', '__format__', '__get__', '__getattribute__', '__globals__', '__hash__', '__init__', '__module__', '__name__', '__new__', '__reduce__', '__reduce_ex__', '__repr__', '__setattr__', '__sizeof__', '__str__', '__subclasshook__', 'func_closure', 'func_code', 'func_defaults', 'func_dict', 'func_doc', 'func_globals', 'func_name'] | Type Val: <type 'function'>
2017-07-19 13:44:07,292 - sodabot - DEBUG - Key: get_drink_type | dir Val: ['__call__', '__class__', '__closure__', '__code__', '__defaults__', '__delattr__', '__dict__', '__doc__', '__format__', '__get__', '__getattribute__', '__globals__', '__hash__', '__init__', '__module__', '__name__', '__new__', '__reduce__', '__reduce_ex__', '__repr__', '__setattr__', '__sizeof__', '__str__', '__subclasshook__', 'func_closure', 'func_code', 'func_defaults', 'func_dict', 'func_doc', 'func_globals', 'func_name'] | Type Val: <type 'function'>
2017-07-19 13:44:07,292 - sodabot - DEBUG - Key: __init__ | dir Val: ['__call__', '__class__', '__closure__', '__code__', '__defaults__', '__delattr__', '__dict__', '__doc__', '__format__', '__get__', '__getattribute__', '__globals__', '__hash__', '__init__', '__module__', '__name__', '__new__', '__reduce__', '__reduce_ex__', '__repr__', '__setattr__', '__sizeof__', '__str__', '__subclasshook__', 'func_closure', 'func_code', 'func_defaults', 'func_dict', 'func_doc', 'func_globals', 'func_name'] | Type Val: <type 'function'>
2017-07-19 13:44:07,294 - sodabot - DEBUG - <sodaslackbot.models.User object at 0x2b3fad8bcc90> has called for the deque(['20', 'cans', 'of', 'Pepsi', 'Max']) command
2017-07-19 13:44:07,294 - sodabot - DEBUG - Registry: {'pepsi': {'me': <function me at 0x2b3fad8b8d70>, 'list': <function list at 0x2b3fad8b8de8>}}
2017-07-19 13:44:07,294 - sodabot - DEBUG - Unknown command with command 20 and args (deque(['20', 'cans', 'of', 'Pepsi', 'Max']),): 20
2017-07-19 13:46:23,028 - sodabot - DEBUG - PatternMatch args: ()
2017-07-19 13:46:23,028 - sodabot - DEBUG - DefaultCommand args: ((), {})
2017-07-19 13:46:23,028 - sodabot - DEBUG - RegisterCommand args: (((), {}), {})
2017-07-19 13:46:23,029 - sodabot - DEBUG - Key: me | dir Val: ['__call__', '__class__', '__delattr__', '__dict__', '__doc__', '__format__', '__getattribute__', '__hash__', '__init__', '__module__', '__name__', '__new__', '__reduce__', '__reduce_ex__', '__repr__', '__setattr__', '__sizeof__', '__str__', '__subclasshook__', '__weakref__', '_bc_registered_command'] | Type Val: <class 'sodaslackbot.commands.RegisterCommand'>
2017-07-19 13:46:23,029 - sodabot - DEBUG - Key: purchase | dir Val: ['__call__', '__class__', '__delattr__', '__dict__', '__doc__', '__format__', '__getattribute__', '__hash__', '__init__', '__module__', '__name__', '__new__', '__reduce__', '__reduce_ex__', '__repr__', '__setattr__', '__sizeof__', '__str__', '__subclasshook__', '__weakref__', '_bc_default_command', '_bc_initial_validation', '_bc_pattern', '_bc_registered_command', '_bc_requires_validation', '_validate', 'syntax_error'] | Type Val: <class 'sodaslackbot.commands.PatternMustMatch'>
2017-07-19 13:46:23,029 - sodabot - DEBUG - Key: __module__ | dir Val: ['__add__', '__class__', '__contains__', '__delattr__', '__doc__', '__eq__', '__format__', '__ge__', '__getattribute__', '__getitem__', '__getnewargs__', '__getslice__', '__gt__', '__hash__', '__init__', '__le__', '__len__', '__lt__', '__mod__', '__mul__', '__ne__', '__new__', '__reduce__', '__reduce_ex__', '__repr__', '__rmod__', '__rmul__', '__setattr__', '__sizeof__', '__str__', '__subclasshook__', '_formatter_field_name_split', '_formatter_parser', 'capitalize', 'center', 'count', 'decode', 'encode', 'endswith', 'expandtabs', 'find', 'format', 'index', 'isalnum', 'isalpha', 'isdigit', 'islower', 'isspace', 'istitle', 'isupper', 'join', 'ljust', 'lower', 'lstrip', 'partition', 'replace', 'rfind', 'rindex', 'rjust', 'rpartition', 'rsplit', 'rstrip', 'split', 'splitlines', 'startswith', 'strip', 'swapcase', 'title', 'translate', 'upper', 'zfill'] | Type Val: <type 'str'>
2017-07-19 13:46:23,029 - sodabot - DEBUG - Key: _module_id | dir Val: ['__add__', '__class__', '__contains__', '__delattr__', '__doc__', '__eq__', '__format__', '__ge__', '__getattribute__', '__getitem__', '__getnewargs__', '__getslice__', '__gt__', '__hash__', '__init__', '__le__', '__len__', '__lt__', '__mod__', '__mul__', '__ne__', '__new__', '__reduce__', '__reduce_ex__', '__repr__', '__rmod__', '__rmul__', '__setattr__', '__sizeof__', '__str__', '__subclasshook__', '_formatter_field_name_split', '_formatter_parser', 'capitalize', 'center', 'count', 'decode', 'encode', 'endswith', 'expandtabs', 'find', 'format', 'index', 'isalnum', 'isalpha', 'isdigit', 'islower', 'isspace', 'istitle', 'isupper', 'join', 'ljust', 'lower', 'lstrip', 'partition', 'replace', 'rfind', 'rindex', 'rjust', 'rpartition', 'rsplit', 'rstrip', 'split', 'splitlines', 'startswith', 'strip', 'swapcase', 'title', 'translate', 'upper', 'zfill'] | Type Val: <type 'str'>
2017-07-19 13:46:23,029 - sodabot - DEBUG - Key: list | dir Val: ['__call__', '__class__', '__delattr__', '__dict__', '__doc__', '__format__', '__getattribute__', '__hash__', '__init__', '__module__', '__name__', '__new__', '__reduce__', '__reduce_ex__', '__repr__', '__setattr__', '__sizeof__', '__str__', '__subclasshook__', '__weakref__', '_bc_registered_command'] | Type Val: <class 'sodaslackbot.commands.RegisterCommand'>
2017-07-19 13:46:23,029 - sodabot - DEBUG - Key: add_purchase | dir Val: ['__call__', '__class__', '__closure__', '__code__', '__defaults__', '__delattr__', '__dict__', '__doc__', '__format__', '__get__', '__getattribute__', '__globals__', '__hash__', '__init__', '__module__', '__name__', '__new__', '__reduce__', '__reduce_ex__', '__repr__', '__setattr__', '__sizeof__', '__str__', '__subclasshook__', 'func_closure', 'func_code', 'func_defaults', 'func_dict', 'func_doc', 'func_globals', 'func_name'] | Type Val: <type 'function'>
2017-07-19 13:46:23,029 - sodabot - DEBUG - Key: get_user | dir Val: ['__call__', '__class__', '__closure__', '__code__', '__defaults__', '__delattr__', '__dict__', '__doc__', '__format__', '__get__', '__getattribute__', '__globals__', '__hash__', '__init__', '__module__', '__name__', '__new__', '__reduce__', '__reduce_ex__', '__repr__', '__setattr__', '__sizeof__', '__str__', '__subclasshook__', 'func_closure', 'func_code', 'func_defaults', 'func_dict', 'func_doc', 'func_globals', 'func_name'] | Type Val: <type 'function'>
2017-07-19 13:46:23,029 - sodabot - DEBUG - Key: get_drink_type | dir Val: ['__call__', '__class__', '__closure__', '__code__', '__defaults__', '__delattr__', '__dict__', '__doc__', '__format__', '__get__', '__getattribute__', '__globals__', '__hash__', '__init__', '__module__', '__name__', '__new__', '__reduce__', '__reduce_ex__', '__repr__', '__setattr__', '__sizeof__', '__str__', '__subclasshook__', 'func_closure', 'func_code', 'func_defaults', 'func_dict', 'func_doc', 'func_globals', 'func_name'] | Type Val: <type 'function'>
2017-07-19 13:46:23,029 - sodabot - DEBUG - Key: __init__ | dir Val: ['__call__', '__class__', '__closure__', '__code__', '__defaults__', '__delattr__', '__dict__', '__doc__', '__format__', '__get__', '__getattribute__', '__globals__', '__hash__', '__init__', '__module__', '__name__', '__new__', '__reduce__', '__reduce_ex__', '__repr__', '__setattr__', '__sizeof__', '__str__', '__subclasshook__', 'func_closure', 'func_code', 'func_defaults', 'func_dict', 'func_doc', 'func_globals', 'func_name'] | Type Val: <type 'function'>
2017-07-19 13:46:23,031 - sodabot - DEBUG - <sodaslackbot.models.User object at 0x2b3e6d4efc50> has called for the deque(['20', 'cans', 'of', 'Pepsi', 'Max']) command
2017-07-19 13:46:23,031 - sodabot - DEBUG - Registry: {'pepsi': {'me': <function me at 0x2b3e6d4e9d70>, 'purchase': <function purchase at 0x2b3e6d4e9e60>, 'default': <sodaslackbot.commands.RegisterCommand object at 0x2b3e6d4ef510>, 'list': <function list at 0x2b3e6d4e9de8>}}
2017-07-19 13:46:23,031 - sodabot - DEBUG - RegisterCommand args: (deque(['20', 'cans', 'of', 'Pepsi', 'Max']), '20', 'cans', 'of', 'Pepsi', 'Max')
2017-07-19 13:47:08,493 - sodabot - DEBUG - PatternMatch args: ()
2017-07-19 13:47:08,493 - sodabot - DEBUG - DefaultCommand args: ((), {})
2017-07-19 13:47:08,493 - sodabot - DEBUG - RegisterCommand args: (((), {}), {})
2017-07-19 13:47:08,495 - sodabot - DEBUG - <sodaslackbot.models.User object at 0x2ae660d07c50> has called for the deque(['20', 'cans', 'of', 'Pepsi', 'Max']) command
2017-07-19 13:47:08,495 - sodabot - DEBUG - RegisterCommand args: (deque(['20', 'cans', 'of', 'Pepsi', 'Max']), '20', 'cans', 'of', 'Pepsi', 'Max')
2017-07-19 13:50:19,528 - sodabot - DEBUG - PatternMatch args: ()
2017-07-19 13:50:19,528 - sodabot - DEBUG - DefaultCommand args: ((), {})
2017-07-19 13:50:19,529 - sodabot - DEBUG - RegisterCommand args: (((), {}), {})
2017-07-19 13:50:19,529 - sodabot - DEBUG - RegisterCommand command: <function purchase at 0x2ae4916e5e60>
2017-07-19 13:50:19,530 - sodabot - DEBUG - user1 has called for the deque(['20', 'cans', 'of', 'Pepsi', 'Max']) command
2017-07-19 13:50:19,530 - sodabot - DEBUG - RegisterCommand args: (deque(['20', 'cans', 'of', 'Pepsi', 'Max']), '20', 'cans', 'of', 'Pepsi', 'Max')
2017-07-19 13:50:19,530 - sodabot - DEBUG - RegisterCommand command: <function purchase at 0x2ae4916e5e60>
2017-07-19 13:50:47,803 - sodabot - DEBUG - PatternMatch args: ()
2017-07-19 13:50:47,803 - sodabot - DEBUG - DefaultCommand args: ((), {})
2017-07-19 13:50:47,803 - sodabot - DEBUG - RegisterCommand args: (((), {}), {})
2017-07-19 13:50:47,804 - sodabot - DEBUG - RegisterCommand command: <function purchase at 0x2ac366fcee60>
2017-07-19 13:50:47,804 - sodabot - DEBUG - Purchase called with ({},)
2017-07-19 13:50:47,805 - sodabot - DEBUG - user1 has called for the deque(['20', 'cans', 'of', 'Pepsi', 'Max']) command
2017-07-19 13:50:47,805 - sodabot - DEBUG - RegisterCommand args: (deque(['20', 'cans', 'of', 'Pepsi', 'Max']), '20', 'cans', 'of', 'Pepsi', 'Max')
2017-07-19 13:50:47,805 - sodabot - DEBUG - RegisterCommand command: <function purchase at 0x2ac366fcee60>
2017-07-19 13:50:47,805 - sodabot - DEBUG - Purchase called with ({},)
2017-07-19 13:52:22,458 - sodabot - DEBUG - PatternMatch args: ()
2017-07-19 13:52:22,458 - sodabot - DEBUG - DefaultCommand args: ((), {})
2017-07-19 13:52:22,458 - sodabot - DEBUG - RegisterCommand args: (((), {}), {})
2017-07-19 13:52:22,458 - sodabot - DEBUG - RegisterCommand command: <function purchase at 0x2b14dcb27e60>
2017-07-19 13:52:22,458 - sodabot - DEBUG - Purchase called with ({},)
2017-07-19 13:52:36,210 - sodabot - DEBUG - PatternMatch args: ()
2017-07-19 13:52:36,210 - sodabot - DEBUG - DefaultCommand args: ((), {})
2017-07-19 13:52:36,211 - sodabot - DEBUG - RegisterCommand args: (((), {}), {})
2017-07-19 13:52:36,211 - sodabot - DEBUG - RegisterCommand command: <function purchase at 0x2b62e43f9e60>
2017-07-19 13:52:36,211 - sodabot - DEBUG - Purchase called with ({},)
2017-07-19 13:52:36,212 - sodabot - DEBUG - user1 has called for the deque(['20', 'cans', 'of', 'Pepsi', 'Max']) command
2017-07-19 13:52:36,212 - sodabot - DEBUG - RegisterCommand args: (deque(['20', 'cans', 'of', 'Pepsi', 'Max']), '20', 'cans', 'of', 'Pepsi', 'Max')
2017-07-19 13:52:36,212 - sodabot - DEBUG - RegisterCommand command: <function purchase at 0x2b62e43f9e60>
2017-07-19 13:52:36,212 - sodabot - DEBUG - Purchase called with ({},)
2017-07-19 13:53:21,292 - sodabot - DEBUG - PatternMatch args: ()
2017-07-19 13:53:21,292 - sodabot - DEBUG - DefaultCommand args: ((), {})
2017-07-19 13:53:21,292 - sodabot - DEBUG - RegisterCommand args: (((), {}), {})
2017-07-19 13:53:21,292 - sodabot - DEBUG - RegisterCommand command: <function purchase at 0x2ac18d7d4e60>
2017-07-19 13:53:21,292 - sodabot - DEBUG - Purchase called with ((((), {}), {}), {})
2017-07-19 13:53:21,294 - sodabot - DEBUG - user1 has called for the deque(['20', 'cans', 'of', 'Pepsi', 'Max']) command
2017-07-19 13:53:21,294 - sodabot - DEBUG - RegisterCommand args: (deque(['20', 'cans', 'of', 'Pepsi', 'Max']), '20', 'cans', 'of', 'Pepsi', 'Max')
2017-07-19 13:53:21,294 - sodabot - DEBUG - RegisterCommand command: <function purchase at 0x2ac18d7d4e60>
2017-07-19 13:53:21,294 - sodabot - DEBUG - Purchase called with ((deque(['20', 'cans', 'of', 'Pepsi', 'Max']), '20', 'cans', 'of', 'Pepsi', 'Max'), {})
